Using pre-set license
Built from '2020.3/release' branch; Version is '2020.3.2f1 (8fd9074bf66c) revision 9427207'; Using compiler version '192528614'; Build Type 'Release'
OS: 'Windows 10 Home; OS build 19042.928; Version 2009; 64bit' Language: 'en' Physical Memory: 16303 MB
BatchMode: 1, IsHumanControllingUs: 0, StartBugReporterOnCrash: 0, Is64bit: 1, IsPro: 0

 COMMAND LINE ARGUMENTS:
C:\Program Files\Unity\Hub\Editor\2019.4.23f1\Editor\Unity.exe
-adb2
-batchMode
-noUpm
-name
AssetImportWorker1
-projectPath
C:/Users/shamr/OneDrive/Documents/GitHub/Game_Project/No_Stone_Unturned_Game
-logFile
Logs/AssetImportWorker1.log
-srvPort
62512
Successfully changed project path to: C:/Users/shamr/OneDrive/Documents/GitHub/Game_Project/No_Stone_Unturned_Game
C:/Users/shamr/OneDrive/Documents/GitHub/Game_Project/No_Stone_Unturned_Game
Using Asset Import Pipeline V2.
Refreshing native plugins compatible for Editor in 45.53 ms, found 2 plugins.
Preloading 0 native plugins for Editor in 0.00 ms.
Initialize engine version: 2020.3.2f1 (8fd9074bf66c)
[Subsystems] Discovering subsystems at path C:/Program Files/Unity/Hub/Editor/2019.4.23f1/Editor/Data/Resources/UnitySubsystems
[Subsystems] Discovering subsystems at path C:/Users/shamr/OneDrive/Documents/GitHub/Game_Project/No_Stone_Unturned_Game/Assets
GfxDevice: creating device client; threaded=0
Direct3D:
    Version:  Direct3D 11.0 [level 11.1]
    Renderer: NVIDIA GeForce GTX 970M (ID=0x13d8)
    Vendor:   
    VRAM:     6097 MB
    Driver:   27.21.14.5148
Initialize mono
Mono path[0] = 'C:/Program Files/Unity/Hub/Editor/2019.4.23f1/Editor/Data/Managed'
Mono path[1] = 'C:/Program Files/Unity/Hub/Editor/2019.4.23f1/Editor/Data/MonoBleedingEdge/lib/mono/unityjit'
Mono config path = 'C:/Program Files/Unity/Hub/Editor/2019.4.23f1/Editor/Data/MonoBleedingEdge/etc'
Using monoOptions --debugger-agent=transport=dt_socket,embedding=1,server=y,suspend=n,address=127.0.0.1:56124
Begin MonoManager ReloadAssembly
Registering precompiled unity dll's ...
Register platform support module: C:/Program Files/Unity/Hub/Editor/2019.4.23f1/Editor/Data/PlaybackEngines/WindowsStandaloneSupport/UnityEditor.WindowsStandalone.Extensions.dll
Registered in 0.005215 seconds.
Native extension for WindowsStandalone target not found
Refreshing native plugins compatible for Editor in 45.62 ms, found 2 plugins.
Preloading 0 native plugins for Editor in 0.00 ms.
Invoked RoslynAnalysisRunner static constructor.
RoslynAnalysisRunner will not be running.
RoslynAnalysisRunner has terminated.
Mono: successfully reloaded assembly
- Completed reload, in  1.684 seconds
Platform modules already initialized, skipping
Registering precompiled user dll's ...
Registered in 0.012412 seconds.
Begin MonoManager ReloadAssembly
Native extension for WindowsStandalone target not found
Refreshing native plugins compatible for Editor in 0.43 ms, found 2 plugins.
Preloading 0 native plugins for Editor in 0.00 ms.
Invoked RoslynAnalysisRunner static constructor.
RoslynAnalysisRunner will not be running.
RoslynAnalysisRunner has terminated.
Mono: successfully reloaded assembly
- Completed reload, in  4.989 seconds
Platform modules already initialized, skipping
========================================================================
Worker process is ready to serve import requests
Launched and connected shader compiler UnityShaderCompiler.exe after 0.16 seconds
Refreshing native plugins compatible for Editor in 0.43 ms, found 2 plugins.
Preloading 0 native plugins for Editor in 0.00 ms.
Unloading 1531 Unused Serialized files (Serialized files now loaded: 0)
System memory in use before: 74.8 MB.
System memory in use after: 74.8 MB.

Unloading 83 unused Assets to reduce memory usage. Loaded Objects now: 1997.
Total: 3.566200 ms (FindLiveObjects: 0.202500 ms CreateObjectMapping: 0.062500 ms MarkObjects: 3.048900 ms  DeleteObjects: 0.250700 ms)

========================================================================
Received Import Request.
  path: Assets/Prefabs/2x2.prefab
  artifactKey: Guid(1cdea208c87b2fb4e827e33b7f21867a) Importer(815301076,1909f56bfc062723c751e8b465ee728b)
Start importing Assets/Prefabs/2x2.prefab using Guid(1cdea208c87b2fb4e827e33b7f21867a) Importer(815301076,1909f56bfc062723c751e8b465ee728b)  -> (artifact id: '21392e6c96b46246859c1cd44f823cdd') in 0.095617 seconds
  Import took 0.153786 seconds .

========================================================================
Received Import Request.
  Time since last request: 1257.418789 seconds.
  path: Assets/Prefabs/2x2 (4).prefab
  artifactKey: Guid(42090db4e578c9e46923d9b346cb4a54) Importer(815301076,1909f56bfc062723c751e8b465ee728b)
Start importing Assets/Prefabs/2x2 (4).prefab using Guid(42090db4e578c9e46923d9b346cb4a54) Importer(815301076,1909f56bfc062723c751e8b465ee728b)  -> (artifact id: '94a790362412a3cfdb566d853e1fff73') in 0.022932 seconds
  Import took 0.043671 seconds .

========================================================================
Received Import Request.
  Time since last request: 0.004747 seconds.
  path: Assets/Prefabs/2x2 (4).prefab
  artifactKey: Guid(42090db4e578c9e46923d9b346cb4a54) Importer(815301076,1909f56bfc062723c751e8b465ee728b)
Start importing Assets/Prefabs/2x2 (4).prefab using Guid(42090db4e578c9e46923d9b346cb4a54) Importer(815301076,1909f56bfc062723c751e8b465ee728b)  -> (artifact id: '94a790362412a3cfdb566d853e1fff73') in 0.009384 seconds
  Import took 0.014078 seconds .

========================================================================
Received Import Request.
  Time since last request: 8.082686 seconds.
  path: Assets/Prefabs/Stairs.prefab
  artifactKey: Guid(42090db4e578c9e46923d9b346cb4a54) Importer(815301076,1909f56bfc062723c751e8b465ee728b)
Start importing Assets/Prefabs/Stairs.prefab using Guid(42090db4e578c9e46923d9b346cb4a54) Importer(815301076,1909f56bfc062723c751e8b465ee728b)  -> (artifact id: 'c07f99b113d7a1bbccd8d4f804a56fa6') in 0.011895 seconds
  Import took 0.066252 seconds .

